Determining if the pthread_create exist failed with the following output:
Change Dir: /home/zn/sfm-two/build/CMakeFiles/CMakeTmp

Run Build Command:"/usr/bin/make" "cmTC_91ede/fast"
/usr/bin/make -f CMakeFiles/cmTC_91ede.dir/build.make CMakeFiles/cmTC_91ede.dir/build
make[1]: Entering directory '/home/zn/sfm-two/build/CMakeFiles/CMakeTmp'
Building C object CMakeFiles/cmTC_91ede.dir/CheckSymbolExists.c.o
/usr/bin/cc    -fPIC    -o CMakeFiles/cmTC_91ede.dir/CheckSymbolExists.c.o   -c /home/zn/sfm-two/build/CMakeFiles/CMakeTmp/CheckSymbolExists.c
Linking C executable cmTC_91ede
/usr/bin/cmake -E cmake_link_script CMakeFiles/cmTC_91ede.dir/link.txt --verbose=1
/usr/bin/cc  -fPIC     CMakeFiles/cmTC_91ede.dir/CheckSymbolExists.c.o  -o cmTC_91ede -rdynamic 
CMakeFiles/cmTC_91ede.dir/CheckSymbolExists.c.o：在函数‘main’中：
CheckSymbolExists.c:(.text+0x1b)：对‘pthread_create’未定义的引用
collect2: error: ld returned 1 exit status
CMakeFiles/cmTC_91ede.dir/build.make:97: recipe for target 'cmTC_91ede' failed
make[1]: *** [cmTC_91ede] Error 1
make[1]: Leaving directory '/home/zn/sfm-two/build/CMakeFiles/CMakeTmp'
Makefile:126: recipe for target 'cmTC_91ede/fast' failed
make: *** [cmTC_91ede/fast] Error 2

File /home/zn/sfm-two/build/CMakeFiles/CMakeTmp/CheckSymbolExists.c:
/* */
#include <pthread.h>

int main(int argc, char** argv)
{
  (void)argv;
#ifndef pthread_create
  return ((int*)(&pthread_create))[argc];
#else
  (void)argc;
  return 0;
#endif
}

Determining if the function pthread_create exists in the pthreads failed with the following output:
Change Dir: /home/zn/sfm-two/build/CMakeFiles/CMakeTmp

Run Build Command:"/usr/bin/make" "cmTC_b72c6/fast"
/usr/bin/make -f CMakeFiles/cmTC_b72c6.dir/build.make CMakeFiles/cmTC_b72c6.dir/build
make[1]: Entering directory '/home/zn/sfm-two/build/CMakeFiles/CMakeTmp'
Building C object CMakeFiles/cmTC_b72c6.dir/CheckFunctionExists.c.o
/usr/bin/cc    -fPIC -DCHECK_FUNCTION_EXISTS=pthread_create   -o CMakeFiles/cmTC_b72c6.dir/CheckFunctionExists.c.o   -c /usr/share/cmake-3.5/Modules/CheckFunctionExists.c
Linking C executable cmTC_b72c6
/usr/bin/cmake -E cmake_link_script CMakeFiles/cmTC_b72c6.dir/link.txt --verbose=1
/usr/bin/cc  -fPIC -DCHECK_FUNCTION_EXISTS=pthread_create    CMakeFiles/cmTC_b72c6.dir/CheckFunctionExists.c.o  -o cmTC_b72c6 -rdynamic -lpthreads 
/usr/bin/ld: 找不到 -lpthreads
collect2: error: ld returned 1 exit status
CMakeFiles/cmTC_b72c6.dir/build.make:97: recipe for target 'cmTC_b72c6' failed
make[1]: *** [cmTC_b72c6] Error 1
make[1]: Leaving directory '/home/zn/sfm-two/build/CMakeFiles/CMakeTmp'
Makefile:126: recipe for target 'cmTC_b72c6/fast' failed
make: *** [cmTC_b72c6/fast] Error 2


